<?xml version="1.0" encoding="UTF-8"?>
<!-- Generated by org.testng.reporters.JUnitReportReporter -->
<testsuite hostname="Gurpreet" failures="0" tests="1" name="day1.hardassertionvssof" time="0.156" errors="0" timestamp="2025-03-19T17:19:31 IST" skipped="0">
  <testcase classname="day1.hardassertionvssof" name="hardvssoft" time="0.156"/>
  <system-out/>
</testsuite> <!-- day1.hardassertionvssof -->
