<?xml version="1.0" encoding="UTF-8"?>
<!-- Generated by org.testng.reporters.JUnitReportReporter -->
<testsuite hostname="Gurpreet" failures="0" tests="3" name="day1.firsttestcase" time="6.977" errors="0" timestamp="2025-02-02T16:24:12 IST" skipped="0">
  <testcase classname="day1.firsttestcase" name="openapp" time="6.399"/>
  <system-out/>
  <testcase classname="day1.firsttestcase" name="testlogo" time="0.244"/>
  <system-out/>
  <testcase classname="day1.firsttestcase" name="logout" time="0.334"/>
  <system-out/>
</testsuite> <!-- day1.firsttestcase -->
