<?xml version="1.0" encoding="UTF-8"?>
<!-- Generated by org.testng.reporters.JUnitReportReporter -->
<testsuite hostname="Gurpreet" failures="0" tests="2" name="TestNgFirsttestcase.Firsttestcase" time="0.022" errors="0" timestamp="2025-02-03T13:31:30 IST" skipped="0">
  <testcase classname="TestNgFirsttestcase.Firsttestcase" name="openAPP" time="0.016"/>
  <system-out/>
  <testcase classname="TestNgFirsttestcase.Firsttestcase" name="loginapp" time="0.006"/>
  <system-out/>
</testsuite> <!-- TestNgFirsttestcase.Firsttestcase -->
