<?xml version="1.0" encoding="UTF-8"?>
<!-- Generated by org.testng.reporters.JUnitReportReporter -->
<testsuite hostname="Gurpreet" failures="0" tests="2" name="day1.classanootatio" time="0.026" errors="0" timestamp="2025-02-04T21:36:54 IST" skipped="0">
  <testcase classname="day1.classanootatio" name="advancesearch" time="0.012"/>
  <system-out/>
  <testcase classname="day1.classanootatio" name="search" time="0.014"/>
  <system-out/>
</testsuite> <!-- day1.classanootatio -->
