<?xml version="1.0" encoding="UTF-8"?>
<!-- Generated by org.testng.reporters.JUnitReportReporter -->
<testsuite hostname="Gurpreet" failures="0" tests="1" name="day2.classb" time="0.003" errors="0" timestamp="2025-02-04T23:03:37 IST" skipped="0">
  <testcase classname="day2.classb" name="c" time="0.003"/>
  <system-out/>
</testsuite> <!-- day2.classb -->
