<?xml version="1.0" encoding="UTF-8"?>
<!-- Generated by org.testng.reporters.JUnitReportReporter -->
<testsuite hostname="Gurpreet" failures="0" tests="9" name="day1.paramtest" time="0.348" errors="0" timestamp="2025-02-06T17:17:14 IST" skipped="0">
  <testcase classname="day1.paramtest" name="TestLogo" time="0.093"/>
  <system-out/>
  <testcase classname="day1.paramtest" name="TestLogo" time="0.064"/>
  <system-out/>
  <testcase classname="day1.paramtest" name="TestLogo" time="0.084"/>
  <system-out/>
  <testcase classname="day1.paramtest" name="Testitle" time="0.023"/>
  <system-out/>
  <testcase classname="day1.paramtest" name="Testitle" time="0.011"/>
  <system-out/>
  <testcase classname="day1.paramtest" name="Testitle" time="0.010"/>
  <system-out/>
  <testcase classname="day1.paramtest" name="testurl" time="0.034"/>
  <system-out/>
  <testcase classname="day1.paramtest" name="testurl" time="0.018"/>
  <system-out/>
  <testcase classname="day1.paramtest" name="testurl" time="0.011"/>
  <system-out/>
</testsuite> <!-- day1.paramtest -->
