<?xml version="1.0" encoding="UTF-8"?>
<!-- Generated by org.testng.reporters.JUnitReportReporter -->
<testsuite hostname="Gurpreet" failures="0" tests="3" name="day1.logintest" time="0.036" errors="0" timestamp="2025-02-06T01:01:18 IST" skipped="0">
  <testcase classname="day1.logintest" name="loginbyemail" time="0.022"/>
  <system-out/>
  <testcase classname="day1.logintest" name="loginbyfb" time="0.002"/>
  <system-out/>
  <testcase classname="day1.logintest" name="loginbyinsta" time="0.012"/>
  <system-out/>
</testsuite> <!-- day1.logintest -->
