<?xml version="1.0" encoding="UTF-8"?>
<!-- Generated by org.testng.reporters.JUnitReportReporter -->
<testsuite hostname="Gurpreet" failures="0" tests="3" name="day1.annotatij" time="12.790" errors="0" timestamp="2025-02-04T16:42:59 IST" skipped="0">
  <testcase classname="day1.annotatij" name="openapp" time="11.202"/>
  <system-out/>
  <testcase classname="day1.annotatij" name="checklinks" time="1.438"/>
  <system-out/>
  <testcase classname="day1.annotatij" name="testlogo" time="0.150"/>
  <system-out/>
</testsuite> <!-- day1.annotatij -->
