<?xml version="1.0" encoding="UTF-8"?>
<!-- Generated by org.testng.reporters.JUnitReportReporter -->
<testsuite hostname="Gurpreet" failures="0" tests="2" name="day1.Annotationdemo" time="0.017" errors="0" timestamp="2025-02-02T22:44:23 IST" skipped="0">
  <testcase classname="day1.Annotationdemo" name="search" time="0.012"/>
  <system-out/>
  <testcase classname="day1.Annotationdemo" name="advancesearch" time="0.005"/>
  <system-out/>
</testsuite> <!-- day1.Annotationdemo -->
