<?xml version="1.0" encoding="UTF-8"?>
<!-- Generated by org.testng.reporters.JUnitReportReporter -->
<testsuite hostname="Gurpreet" failures="0" tests="1" name="day2.classa" time="0.016" errors="0" timestamp="2025-02-04T23:03:37 IST" skipped="0">
  <testcase classname="day2.classa" name="A" time="0.016"/>
  <system-out/>
</testsuite> <!-- day2.classa -->
