<?xml version="1.0" encoding="UTF-8"?>
<!-- Generated by org.testng.reporters.JUnitReportReporter -->
<testsuite hostname="Gurpreet" failures="0" tests="3" name="day1.signuptest" time="0.027" errors="0" timestamp="2025-02-06T01:01:29 IST" skipped="0">
  <testcase classname="day1.signuptest" name="signupbyemail" time="0.019"/>
  <system-out/>
  <testcase classname="day1.signuptest" name="signupbyfb" time="0.005"/>
  <system-out/>
  <testcase classname="day1.signuptest" name="signupbyinsta" time="0.003"/>
  <system-out/>
</testsuite> <!-- day1.signuptest -->
